# JRE version: Java(TM) SE Runtime Environment (8.0_241-b07) (build 1.8.0_241-b07)
# Java VM: Java HotSpot(TM) 64-Bit Server VM (25.241-b07 mixed mode windows-amd64 compressed oops)
Heap:
 PSYoungGen      total 76288K, used 62561K [0x000000076b400000, 0x0000000774900000, 0x00000007c0000000)
  eden space 65536K, 95% used [0x000000076b400000,0x000000076f118680,0x000000076f400000)
  from space 10752K, 0% used [0x000000076fe80000,0x000000076fe80000,0x0000000770900000)
  to   space 10752K, 0% used [0x000000076f400000,0x000000076f400000,0x000000076fe80000)
 ParOldGen       total 111616K, used 9175K [0x00000006c1c00000, 0x00000006c8900000, 0x000000076b400000)
  object space 111616K, 8% used [0x00000006c1c00000,0x00000006c24f5e08,0x00000006c8900000)
 Metaspace       used 27845K, capacity 29590K, committed 29696K, reserved 1075200K
  class space    used 3727K, capacity 4053K, committed 4096K, reserved 1048576K
GC Heap History (6 events):
Event: 1.509 GC heap before
{Heap before GC invocations=1 (full 0):
 PSYoungGen      total 76288K, used 65536K [0x000000076b400000, 0x0000000770900000, 0x00000007c0000000)
  eden space 65536K, 100% used [0x000000076b400000,0x000000076f400000,0x000000076f400000)
  from space 10752K, 0% used [0x000000076fe80000,0x000000076fe80000,0x0000000770900000)
  to   space 10752K, 0% used [0x000000076f400000,0x000000076f400000,0x000000076fe80000)
 ParOldGen       total 175104K, used 0K [0x00000006c1c00000, 0x00000006cc700000, 0x000000076b400000)
  object space 175104K, 0% used [0x00000006c1c00000,0x00000006c1c00000,0x00000006cc700000)
 Metaspace       used 16865K, capacity 17422K, committed 17536K, reserved 1064960K
  class space    used 2203K, capacity 2371K, committed 2432K, reserved 1048576K
Event: 1.518 GC heap after
Heap after GC invocations=1 (full 0):
 PSYoungGen      total 76288K, used 10484K [0x000000076b400000, 0x0000000770900000, 0x00000007c0000000)
  eden space 65536K, 0% used [0x000000076b400000,0x000000076b400000,0x000000076f400000)
  from space 10752K, 97% used [0x000000076f400000,0x000000076fe3d068,0x000000076fe80000)
  to   space 10752K, 0% used [0x000000076fe80000,0x000000076fe80000,0x0000000770900000)
 ParOldGen       total 175104K, used 16K [0x00000006c1c00000, 0x00000006cc700000, 0x000000076b400000)
  object space 175104K, 0% used [0x00000006c1c00000,0x00000006c1c04000,0x00000006cc700000)
 Metaspace       used 16865K, capacity 17422K, committed 17536K, reserved 1064960K
  class space    used 2203K, capacity 2371K, committed 2432K, reserved 1048576K
}
Event: 2.030 GC heap before
{Heap before GC invocations=2 (full 0):
 PSYoungGen      total 76288K, used 52563K [0x000000076b400000, 0x0000000770900000, 0x00000007c0000000)
  eden space 65536K, 64% used [0x000000076b400000,0x000000076dd17d78,0x000000076f400000)
  from space 10752K, 97% used [0x000000076f400000,0x000000076fe3d068,0x000000076fe80000)
  to   space 10752K, 0% used [0x000000076fe80000,0x000000076fe80000,0x0000000770900000)
 ParOldGen       total 175104K, used 16K [0x00000006c1c00000, 0x00000006cc700000, 0x000000076b400000)
  object space 175104K, 0% used [0x00000006c1c00000,0x00000006c1c04000,0x00000006cc700000)
 Metaspace       used 20411K, capacity 21232K, committed 21296K, reserved 1067008K
  class space    used 2704K, capacity 2920K, committed 2944K, reserved 1048576K
Event: 2.038 GC heap after
Heap after GC invocations=2 (full 0):
 PSYoungGen      total 76288K, used 9534K [0x000000076b400000, 0x0000000774900000, 0x00000007c0000000)
  eden space 65536K, 0% used [0x000000076b400000,0x000000076b400000,0x000000076f400000)
  from space 10752K, 88% used [0x000000076fe80000,0x00000007707cfb38,0x0000000770900000)
  to   space 10752K, 0% used [0x000000076f400000,0x000000076f400000,0x000000076fe80000)
 ParOldGen       total 175104K, used 24K [0x00000006c1c00000, 0x00000006cc700000, 0x000000076b400000)
  object space 175104K, 0% used [0x00000006c1c00000,0x00000006c1c06000,0x00000006cc700000)
 Metaspace       used 20411K, capacity 21232K, committed 21296K, reserved 1067008K
  class space    used 2704K, capacity 2920K, committed 2944K, reserved 1048576K
}
Event: 2.038 GC heap before
{Heap before GC invocations=3 (full 1):
 PSYoungGen      total 76288K, used 9534K [0x000000076b400000, 0x0000000774900000, 0x00000007c0000000)
  eden space 65536K, 0% used [0x000000076b400000,0x000000076b400000,0x000000076f400000)
  from space 10752K, 88% used [0x000000076fe80000,0x00000007707cfb38,0x0000000770900000)
  to   space 10752K, 0% used [0x000000076f400000,0x000000076f400000,0x000000076fe80000)
 ParOldGen       total 175104K, used 24K [0x00000006c1c00000, 0x00000006cc700000, 0x000000076b400000)
  object space 175104K, 0% used [0x00000006c1c00000,0x00000006c1c06000,0x00000006cc700000)
 Metaspace       used 20411K, capacity 21232K, committed 21296K, reserved 1067008K
  class space    used 2704K, capacity 2920K, committed 2944K, reserved 1048576K
Event: 2.066 GC heap after
Heap after GC invocations=3 (full 1):
 PSYoungGen      total 76288K, used 0K [0x000000076b400000, 0x0000000774900000, 0x00000007c0000000)
  eden space 65536K, 0% used [0x000000076b400000,0x000000076b400000,0x000000076f400000)
  from space 10752K, 0% used [0x000000076fe80000,0x000000076fe80000,0x0000000770900000)
  to   space 10752K, 0% used [0x000000076f400000,0x000000076f400000,0x000000076fe80000)
 ParOldGen       total 111616K, used 9175K [0x00000006c1c00000, 0x00000006c8900000, 0x000000076b400000)
  object space 111616K, 8% used [0x00000006c1c00000,0x00000006c24f5e08,0x00000006c8900000)
 Metaspace       used 20411K, capacity 21232K, committed 21296K, reserved 1067008K
  class space    used 2704K, capacity 2920K, committed 2944K, reserved 1048576K
}

